<?xml version="1.0" encoding="UTF-8"?>
<testsuites name="New Test Suite2" time="71" tests="2" failures="0" errors="0">
   <testsuite name="New Test Suite2" tests="2" failures="0" errors="0" time="71" timestamp="2019-03-11 17:31:58" hostname="ttuser3 - ubuntu11" id="Test Suites/New Test Suite2">
      <properties>
         <property name="deviceName" value=""/>
         <property name="devicePlatform" value=""/>
         <property name="logFolder" value="/home/ttuser3/Katalon Studio/FirstProject/Reports/New Test Suite2/20190311_173130"/>
         <property name="logFiles" value="/home/ttuser3/Katalon Studio/FirstProject/Reports/New Test Suite2/20190311_173130/execution0.log"/>
         <property name="attachments" value=""/>
         <property name="hostName" value="ttuser3 - ubuntu11"/>
         <property name="os" value="Linux 64bit"/>
         <property name="katalonVersion" value="6.0.5.10"/>
         <property name="browser" value="Chrome 71.0.3578.98"/>
         <property name="hostAddress" value="127.0.1.1"/>
         <property name="sessionId" value="e1b5dee383a3f2096ffcf4979ef2cf4c"/>
         <property name="seleniumVersion" value="3.7.1"/>
         <property name="proxyInformation" value="ProxyInformation{proxyOption=NO_PROXY, proxyServerType=HTTP, password=, proxyServerAddress=, proxyServerPort=0}"/>
         <property name="platform" value="Linux"/>
      </properties>
      <testcase name="Test Cases/TestCase_IRCTC" classname="Test Cases/TestCase_IRCTC" status="PASSED">
         <system-out><![CDATA[2019-03-11 17:32:00 - [TEST_CASE][PASSED] - Test Cases/TestCase_IRCTC: Test Cases/TestCase_IRCTC

2019-03-11 17:32:00 - [TEST_STEP][PASSED] - openBrowser("www.irctc.com"): Browser is opened with url: 'www.irctc.com'

2019-03-11 17:32:01 - [MESSAGE][INFO] - Starting 'Chrome' driver

2019-03-11 17:32:01 - [MESSAGE][INFO] - Action delay is set to 0 seconds

2019-03-11 17:32:27 - [MESSAGE][PASSED] - Browser is opened with url: 'www.irctc.com'

2019-03-11 17:32:27 - [TEST_STEP][PASSED] - click(findTestObject("Object Repository/Page_IRCTC Corporate Portal/div_TOURISM")): Object: 'Object Repository/Page_IRCTC Corporate Portal/div_TOURISM' is clicked on

2019-03-11 17:32:28 - [MESSAGE][PASSED] - Object: 'Object Repository/Page_IRCTC Corporate Portal/div_TOURISM' is clicked on

2019-03-11 17:32:28 - [TEST_STEP][PASSED] - switchToWindowIndex(1): Switched to window with index: '1'

2019-03-11 17:32:28 - [MESSAGE][PASSED] - Switched to window with index: '1'

2019-03-11 17:32:28 - [TEST_STEP][PASSED] - scrollToElement(findTestObject("Object Repository/Page_IRCTC Tourism Official Website  Incredible India Travel  Tour Package/a_Europe"), 5): Scroll to object 'Object Repository/Page_IRCTC Tourism Official Website  Incredible India Travel  Tour Package/a_Europe' successfully

2019-03-11 17:32:42 - [MESSAGE][PASSED] - Scroll to object 'Object Repository/Page_IRCTC Tourism Official Website  Incredible India Travel  Tour Package/a_Europe' successfully

2019-03-11 17:32:42 - [TEST_STEP][PASSED] - x = getElementLeftPosition(findTestObject("Object Repository/Page_IRCTC Tourism Official Website  Incredible India Travel  Tour Package/a_Europe")): Left position of element 'Object Repository/Page_IRCTC Tourism Official Website  Incredible India Travel  Tour Package/a_Europe' is '416'

2019-03-11 17:32:43 - [MESSAGE][PASSED] - Left position of element 'Object Repository/Page_IRCTC Tourism Official Website  Incredible India Travel  Tour Package/a_Europe' is '416'

2019-03-11 17:32:43 - [TEST_STEP][PASSED] - println(x): null

2019-03-11 17:32:43 - [TEST_STEP][PASSED] - click(findTestObject("Object Repository/Page_IRCTC Tourism Official Website  Incredible India Travel  Tour Package/a_Europe")): Object: 'Object Repository/Page_IRCTC Tourism Official Website  Incredible India Travel  Tour Package/a_Europe' is clicked on

2019-03-11 17:32:43 - [MESSAGE][PASSED] - Object: 'Object Repository/Page_IRCTC Tourism Official Website  Incredible India Travel  Tour Package/a_Europe' is clicked on]]></system-out>
         <system-err><![CDATA[]]></system-err>
      </testcase>
      <testcase name="Test Cases/New Test Case1" classname="Test Cases/New Test Case1" status="PASSED">
         <system-out><![CDATA[2019-03-11 17:32:44 - [TEST_CASE][PASSED] - Test Cases/New Test Case1: Test Cases/New Test Case1

2019-03-11 17:32:44 - [TEST_STEP][PASSED] - openBrowser(null): Browser is opened with url: 'null'

2019-03-11 17:32:44 - [MESSAGE][WARNING] - A browser is already opened. Closing browser and opening a new one

2019-03-11 17:32:45 - [MESSAGE][INFO] - Starting 'Chrome' driver

2019-03-11 17:32:48 - [MESSAGE][PASSED] - Browser is opened with url: 'null'

2019-03-11 17:32:48 - [TEST_STEP][PASSED] - navigateToUrl("http://demoaut.katalon.com/"): Navigate to 'http://demoaut.katalon.com/' successfully

2019-03-11 17:32:54 - [MESSAGE][PASSED] - Navigate to 'http://demoaut.katalon.com/' successfully

2019-03-11 17:32:54 - [TEST_STEP][PASSED] - click(findTestObject("Object Repository/Home_Page/Page_CURA Healthcare Service/a_Make Appointment")): Object: 'Object Repository/Home_Page/Page_CURA Healthcare Service/a_Make Appointment' is clicked on

2019-03-11 17:32:55 - [MESSAGE][PASSED] - Object: 'Object Repository/Home_Page/Page_CURA Healthcare Service/a_Make Appointment' is clicked on

2019-03-11 17:32:55 - [TEST_STEP][PASSED] - setText(findTestObject("Object Repository/Home_Page/Page_CURA Healthcare Service/input_Username_username"), Username): Text 'John Doe' is set on object 'Object Repository/Home_Page/Page_CURA Healthcare Service/input_Username_username'

2019-03-11 17:32:56 - [MESSAGE][PASSED] - Text 'John Doe' is set on object 'Object Repository/Home_Page/Page_CURA Healthcare Service/input_Username_username'

2019-03-11 17:32:56 - [TEST_STEP][PASSED] - sendKeys(findTestObject("Object Repository/Home_Page/Page_CURA Healthcare Service/input_Password_password"), password): Keys 'ThisIsNotAPassword' sent to object: 'Object Repository/Home_Page/Page_CURA Healthcare Service/input_Password_password'

2019-03-11 17:32:56 - [MESSAGE][PASSED] - Keys 'ThisIsNotAPassword' sent to object: 'Object Repository/Home_Page/Page_CURA Healthcare Service/input_Password_password'

2019-03-11 17:32:56 - [TEST_STEP][PASSED] - click(findTestObject("Object Repository/Home_Page/Page_CURA Healthcare Service/button_Login")): Object: 'Object Repository/Home_Page/Page_CURA Healthcare Service/button_Login' is clicked on

2019-03-11 17:32:57 - [MESSAGE][PASSED] - Object: 'Object Repository/Home_Page/Page_CURA Healthcare Service/button_Login' is clicked on

2019-03-11 17:32:57 - [TEST_STEP][PASSED] - click(findTestObject("Object Repository/Page_CURA Healthcare Service/input_Apply for hospital readmission_hospital_readmission")): Object: 'Object Repository/Page_CURA Healthcare Service/input_Apply for hospital readmission_hospital_readmission' is clicked on

2019-03-11 17:32:57 - [MESSAGE][PASSED] - Object: 'Object Repository/Page_CURA Healthcare Service/input_Apply for hospital readmission_hospital_readmission' is clicked on

2019-03-11 17:32:57 - [TEST_STEP][PASSED] - click(findTestObject("Object Repository/Page_CURA Healthcare Service/textarea_Comment_comment")): Object: 'Object Repository/Page_CURA Healthcare Service/textarea_Comment_comment' is clicked on

2019-03-11 17:33:02 - [MESSAGE][PASSED] - Object: 'Object Repository/Page_CURA Healthcare Service/textarea_Comment_comment' is clicked on

2019-03-11 17:33:02 - [TEST_STEP][PASSED] - sendKeys(findTestObject("Object Repository/Page_CURA Healthcare Service/textarea_Comment_comment"), StrText): Keys 'HI how are you' sent to object: 'Object Repository/Page_CURA Healthcare Service/textarea_Comment_comment'

2019-03-11 17:33:03 - [MESSAGE][PASSED] - Keys 'HI how are you' sent to object: 'Object Repository/Page_CURA Healthcare Service/textarea_Comment_comment'

2019-03-11 17:33:03 - [TEST_STEP][PASSED] - selectOptionByIndex(findTestObject("Page_CURA Healthcare Service/select_Tokyo CURA Healthcare Center                            Hongkong CURA Healthcare Center                            Seoul CURA Healthcare Center"), variable): All options with index in [1] are selected on object 'Object Repository/Page_CURA Healthcare Service/select_Tokyo CURA Healthcare Center                            Hongkong CURA Healthcare Center                            Seoul CURA Healthcare Center'

2019-03-11 17:33:03 - [MESSAGE][PASSED] - All options with index in [1] are selected on object 'Object Repository/Page_CURA Healthcare Service/select_Tokyo CURA Healthcare Center                            Hongkong CURA Healthcare Center                            Seoul CURA Healthcare Center'

2019-03-11 17:33:03 - [TEST_STEP][PASSED] - setText(findTestObject("Object Repository/Page_CURA Healthcare Service/Page_CURA Healthcare Service/input_Visit Date (Required)_visit_date"), "22/03/2019"): Text '22/03/2019' is set on object 'Object Repository/Page_CURA Healthcare Service/Page_CURA Healthcare Service/input_Visit Date (Required)_visit_date'

2019-03-11 17:33:03 - [MESSAGE][PASSED] - Text '22/03/2019' is set on object 'Object Repository/Page_CURA Healthcare Service/Page_CURA Healthcare Service/input_Visit Date (Required)_visit_date'

2019-03-11 17:33:03 - [TEST_STEP][PASSED] - click(findTestObject("Object Repository/Page_CURA Healthcare Service/Page_CURA Healthcare Service/button_Book Appointment")): Object: 'Object Repository/Page_CURA Healthcare Service/Page_CURA Healthcare Service/button_Book Appointment' is clicked on

2019-03-11 17:33:09 - [MESSAGE][PASSED] - Object: 'Object Repository/Page_CURA Healthcare Service/Page_CURA Healthcare Service/button_Book Appointment' is clicked on]]></system-out>
         <system-err><![CDATA[]]></system-err>
      </testcase>
      <system-out><![CDATA[2019-03-11 17:31:58 - [TEST_SUITE][PASSED] - New Test Suite2: Test Cases/New Test Case1]]></system-out>
      <system-err><![CDATA[]]></system-err>
   </testsuite>
</testsuites>
